<?xml version="1.0" encoding="UTF-8"?>
<!-- Generated by org.testng.reporters.JUnitReportReporter -->
<testsuite hostname="Reshma-PC" failures="0" tests="1" name="Amount.FetchAmountInINcreamentOrder" time="2.572" errors="0" timestamp="2022-11-09T02:22:22 IST" skipped="0">
  <testcase classname="Amount.FetchAmountInINcreamentOrder" name="FetchAmount" time="2.572"/>
  <system-out/>
</testsuite> <!-- Amount.FetchAmountInINcreamentOrder -->
