<?xml version="1.0" encoding="UTF-8"?>
<!-- Generated by org.testng.reporters.JUnitReportReporter -->
<testsuite hostname="Reshma-PC" failures="0" tests="1" name="Login.LoginWitoutUsername" time="7.254" errors="0" timestamp="2022-11-09T07:27:49 IST" skipped="0">
  <testcase classname="Login.LoginWitoutUsername" name="loginwithoutun" time="7.254"/>
  <system-out/>
</testsuite> <!-- Login.LoginWitoutUsername -->
