<?xml version="1.0" encoding="UTF-8"?>
<!-- Generated by org.testng.reporters.JUnitReportReporter -->
<testsuite hostname="Reshma-PC" failures="0" tests="1" name="Login.LoginWitoutPassword" time="5.169" errors="0" timestamp="2022-11-09T07:27:49 IST" skipped="0">
  <testcase classname="Login.LoginWitoutPassword" name="loginwithoutun" time="5.169"/>
  <system-out/>
</testsuite> <!-- Login.LoginWitoutPassword -->
