<?xml version="1.0" encoding="UTF-8"?>
<!-- Generated by org.testng.reporters.JUnitReportReporter -->
<testsuite hostname="Reshma-PC" failures="0" tests="1" name="CheckSort.FetchAmountInIncreamentOrder" time="4.705" errors="0" timestamp="2022-11-09T07:26:46 IST" skipped="0">
  <testcase classname="CheckSort.FetchAmountInIncreamentOrder" name="FetchAmount" time="4.705"/>
  <system-out/>
</testsuite> <!-- CheckSort.FetchAmountInIncreamentOrder -->
