<?xml version="1.0" encoding="UTF-8"?>
<!-- Generated by org.testng.reporters.JUnitReportReporter -->
<testsuite hostname="Reshma-PC" failures="0" tests="1" name="Amount.FetchAmountInINcreamentOrder3" time="2.665" errors="0" timestamp="2022-11-08T22:48:00 IST" skipped="0">
  <testcase classname="Amount.FetchAmountInINcreamentOrder3" name="FetchAmount" time="2.665"/>
  <system-out/>
</testsuite> <!-- Amount.FetchAmountInINcreamentOrder3 -->
